GAS LISTING task2.S 			page 1


   1              	/*
   2              	 * –ù–∞—Ö–æ–∂–¥–µ–Ω–∏–µ —Ñ–∞–∫—Ç–æ—Ä–∏–∞–ª–∞  –¥–ª—è 
   3              	 * —Å–∏–º–≤–æ–ª—å–Ω–æ–≥–æ –ø—Ä–µ–¥—Å—Ç–∞–≤–ª–µ–Ω–∏—è –Ω–µ–æ—Ç—Ä–∏—Ü–∞—Ç–µ–ª—å–Ω–æ–≥–æ 
   4              	 * 32-–±–∏—Ç–æ–≤–æ–≥–æ —Ü–µ–ª–æ–≥–æ —á–∏—Å–ª–∞
   5              	*/
   6              	
   7              	.include "my-macro"		# –ø–æ–¥–∫–ª—é—á–µ–Ω–∏–µ —Ñ–∞–π–ª–∞ —Å –º–∞–∫—Ä–æ–æ–ø—Ä–µ–¥–µ–ª–µ–Ω–∏—è–º–∏
   1              	/* –ú–∞–∫—Ä–æ–æ–ø—Ä–µ–¥–µ–ª–µ–Ω–∏–µ –∑–∞–≤–µ—Ä—à–µ–Ω–∏—è —Ä–∞–±–æ—Ç—ã */
   2              	
   3              	.macro Finish
   4              	    movl $0, %ebx 	# first argument: exit code
   5              	    movl $1, %eax 	# sys_exit index
   6              	    int  $0x80 		# kernel interrupt
   7              	.endm
   8              	
   8              	
   9              	.text				# —Å–µ–∫—Ü–∏—è –∫–æ–º–∞–Ω–¥ –ø—Ä–æ—Ü–µ—Å–æ—Ä–∞ 
  10              	        
  11              	.global _start			# —Ç–æ—á–∫–∞ –≤—Ö–æ–¥–∞ - –≥–ª–æ–±–∞–ª—å–Ω–∞—è –º–µ—Ç–∫–∞
  12              	_start:	
  13 0000 B8050000 	        movl $5, %eax		# –∞—Ä–≥—É–º–µ–Ω—Ç —Ñ–∞–∫—Ç–æ—Ä–∏–∞–ª–∞
  13      00
  14 0005 BB010000 		movl $1, %ebx		# –Ω–∞—á–∞–ª—å–Ω—ã–π —Ä–µ–∑—É–ª—å—Ç–∞—Ç
  14      00
  15              	
  16              	L1:				# –ú–æ–¥—É–ª—å –≤—ã—á–∏—Å–ª–µ–Ω–∏—è —Ñ–∞–∫—Ç–æ—Ä–∏–∞–ª–∞
  17              		
  18 000a 83F800   	        cmpl  $0, %eax		# —É—Å–ª–æ–≤–∏–µ, –ø—Ä–æ–≤–µ—Ä—è—é—â–µ–µ –∑–Ω–∞—á–µ–Ω–∏–µ –∞—Ä–≥—É–º–µ–Ω—Ç–
  19 000d 7406     		je    L2		# –µ—Å–ª–∏ —É—Å–ª–æ–≤–∏–µ –≤–µ—Ä–Ω–æ, —Ç–æ –ø–µ—Ä–µ—Ö–æ–¥–∏–º –∫ –º–æ–¥—É–ª—é L2
  20              					# –µ—Å–ª–∏ –ù–ï–¢, —Ç–æ
  21 000f 0FAFD8   		imull %eax, %ebx	# —É–º–Ω–æ–∂–∞–µ–º –ø–µ—Ä–µ–º–µ–Ω–Ω—É—é —Ä–µ–∑—É–ª—å—Ç–∞—Ç–∞ ebx –Ω–∞ –∞—Ä–≥—É–º–
  22 0012 48       		decl  %eax		# –æ—Ç–Ω–∏–º–∞–µ–º —É eax –µ–¥–∏–Ω–∏—Ü—É –¥–ª—è –ø–æ—Å–ª–µ–¥—É—é—â–∏—Ö –≤—ã—á–∏—Å–ª–µ–
  23 0013 EBF5     		jmp   L1		# –ø–µ—Ä–µ—Ö–æ–¥ –∫ –Ω–∞—á–∞–ª—É –º–æ–¥—É–ª—è L1
  24              		
  25              	L2:				
  26              		
  27              	        Finish		  	# –∫–æ–Ω–µ—Ü —Ä–∞–±–æ—Ç—ã, 
  27 0015 BB000000 	>  movl $0,%ebx
  27      00
  27 001a B8010000 	>  movl $1,%eax
  27      00
  27 001f CD80     	>  int $0x80
  28              					# –≤–æ–∑–≤—Ä–∞—Ç –≤ –û–°
  29              					# (–º–∞–∫—Ä–æ –∏–∑ —Ñ–∞–π–ª–∞ my-macro)
  30              	        
  31              	.end				# –ø–æ—Å–ª–µ–¥–Ω—è—è —Å—Ç—Ä–æ–∫–∞ –∏—Å—Ö–æ–¥–Ω–æ–≥–æ —Ç–µ–∫—Å—Ç–∞
GAS LISTING task2.S 			page 2


DEFINED SYMBOLS
             task2.S:12     .text:0000000000000000 _start
             task2.S:16     .text:000000000000000a L1
             task2.S:25     .text:0000000000000015 L2

NO UNDEFINED SYMBOLS
