GAS LISTING func.S 			page 1


   1              	/*
   2              	
   3              	    –ü–æ–¥–ø—Ä–æ–≥—Ä–∞–º–º—ã –∏ —Å–æ–≥–ª–∞—à–µ–Ω–∏—è –æ —Å–≤—è–∑—è—Ö
   4              	
   5              	*/
   6              	    .include "my-macro" # –ø–æ–¥–∫–ª—é—á–µ–Ω–∏–µ —Ñ–∞–π–ª–∞ —Å –º–∞–∫—Ä–æ–æ–ø—Ä–µ–¥–µ–ª–µ–Ω–∏—è–º–∏
   1              	// –ú–∞–∫—Ä–æ–æ–ø—Ä–µ–¥–µ–ª–µ–Ω–∏–µ –∑–∞–≤–µ—Ä—à–µ–Ω–∏—è —Ä–∞–±–æ—Ç—ã
   2              	
   3              	.macro Finish
   4              	    movl $0, %ebx 	# first argument: exit code
   5              	    movl $1, %eax 	# sys_exit index
   6              	    int  $0x80 		# kernel interrupt
   7              	.endm
   8              	
   9              	
  10              	/* 
  11              	 * –ú–∞–∫—Ä–æ–æ–ø—Ä–µ–¥–µ–ª–µ–Ω–∏–µ –∑–∞–≤–µ—Ä—à–µ–Ω–∏—è —Ä–∞–±–æ—Ç—ã.
  12              	 * –ê—Ä–≥—É–º–µ–Ω—Ç—ã:
  13              	 * 	- –∫–æ–¥ –∑–∞–≤–µ—Ä—à–µ–Ω–∏—è –ø—Ä–æ–≥—Ä–∞–º–º—ã
  14              	 *
  15              	 * –ü–æ—Å–ª–µ –≤—ã–ø–æ–ª–Ω–µ–Ω–∏—è –º–∞–∫—Ä–æ–≤—ã–∑–æ–≤–∞ –∏–∑–º–µ–Ω—è—é—Ç—Å—è —Ä–µ–≥–∏—Å—Ç—Ä—ã: %e
  16              	 * –°–º. —Ç–∞–∫–∂–µ 'man 2 exit'
  17              	*/
  18              	.macro Exit ret_val
  19              		movl $1, %eax 		# –Ω–æ–º–µ—Ä —Å–∏—Å—Ç. –≤—ã–∑–æ–≤–∞ exit
  20              		movl \ret_val, %ebx 	# –∫–æ–¥ –≤—ã—Ö–æ–¥–∞
  21              		int $0x80 		# –≤—ã–ø–æ–ª–Ω–∏—Ç—å —Å–∏—Å—Ç–µ–º–Ω—ã–π –≤—ã–∑–æ–≤
  22              	.endm
  23              	
  24              	
  25              	/*
  26              	 * –ú–∞—Ä–æ–æ–ø—Ä–µ–¥–µ–ª–µ–Ω–∏–µ –¥–ª—è –ø—Ä–æ—Ü–µ–¥—É—Ä—ã —Å—á–∏—Ç—ã–≤–∞–Ω–∏—è –æ–¥–Ω–æ–≥–æ —Å–∏–
  27              	 * –ê—Ä–≥—É–º–µ–Ω—Ç—ã:
  28              	 * 	- –∞–¥—Ä–µ—Å –±—É—Ñ—Ñ–µ—Ä–∞ –¥–ª—è —Å—á–∏—Ç—ã–≤–∞–Ω–∏—è —Å–∏–º–≤–æ–ª–∞
  29              	 * –†–µ–∑—É–ª—å—Ç–∞—Ç:
  30              	 *	- –≤ %eax –∫–æ–ª–∏—á–µ—Å—Ç–≤–æ —Å—á–∏—Ç–∞–Ω–Ω—ã—Ö —Å–∏–º–≤–æ–ª–æ–≤
  31              	 *	- –ø–æ –∞–¥—Ä–µ—Å—É buf_addr - —Å—á–∏—Ç–∞–Ω–Ω—ã–π —Å–∏–º–≤–æ–ª
  32              	 * 
  33              	 * –ü–æ—Å–ª–µ –≤—ã–ø–æ–ª–Ω–µ–Ω–∏—è –º–∞–∫—Ä–æ–≤—ã–∑–æ–≤–∞ –∏–∑–º–µ–Ω—è—é—Ç—Å—è —Ä–µ–≥–∏—Å—Ç—Ä—ã: %e
  34              	 * –°–º. —Ç–∞–∫–∂–µ 'man 2 read'
  35              	*/
  36              	.macro Getchar buf_addr
  37              		movl $3, %eax		# –Ω–æ–º–µ—Ä —Å–∏—Å—Ç. –≤—ã–∑–æ–≤–∞ read
  38              		movl $0, %ebx		# –ø–∞—Ä–∞–º–µ—Ç—Ä 1: –¥–µ—Å–∫—Ä–∏–ø—Ç–æ—Ä —Å—Ç–∞–Ω–¥–∞—Ä—Ç–Ω–æ–≥–æ –≤–≤–æ–¥–∞
  39              		movl \buf_addr, %ecx	# –ø–∞—Ä–∞–º–µ—Ç—Ä 2: –∞–¥—Ä–µ—Å –±—É—Ñ–µ—Ä–∞ (–æ–Ω –∂–µ - —Ñ–∞–∫—Ç–∏—á–µ—Å–∫
  40              		     			# –ø–∞—Ä–∞–º–µ—Ç—Ä –º–∞–∫—Ä–æ–≤—ã–∑–æ–≤–∞)
  41              		movl $1, %edx		# –ø–∞—Ä–∞–º–µ—Ç—Ä 3: –∫–æ–ª–∏—á–µ—Å—Ç–≤–æ –±–∞–π—Ç–æ–≤ –¥–ª—è —á—Ç–µ–Ω–∏—è
  42              		int $0x80		# –≤—ã–ø–æ–ª–Ω–∏—Ç—å —Å–∏—Å—Ç–µ–º–Ω—ã–π –≤—ã–∑–æ–≤
  43              	.endm
  44              	
  45              	/*
  46              	 * –ú–∞—Ä–æ–æ–ø—Ä–µ–¥–µ–ª–µ–Ω–∏–µ –¥–ª—è –ø—Ä–æ—Ü–µ–¥—É—Ä—ã –≤—ã–≤–æ–¥–∞ —Å—Ç—Ä–æ–∫–∏ –≤ —Å—Ç–∞–Ω–¥
  47              	 * –ê—Ä–≥—É–º–µ–Ω—Ç—ã:
  48              	 * 	- –°—Ç—Ä–æ–∫–∞ –¥–ª—è –≤—ã–≤–æ–¥–∞.
  49              	 *
  50              	 * –ü—Ä–∏–º–µ—Ç—Ä –º–∞–∫—Ä–æ–≤—ã–∑–æ–≤–∞:
  51              	 *	Puts "–¢–µ–∫—Å—Ç –≤—ã–≤–æ–¥–∏–º–æ–π —Å—Ç—Ä–æ–∫–∏" 
GAS LISTING func.S 			page 2


  52              	 *
  53              	 * –†–µ–∑—É–ª—å—Ç–∞—Ç:
  54              	 *	- –≤—ã–≤–æ–¥–∏—Ç –≤ —Å—Ç–∞–Ω–¥–∞—Ä—Ç–Ω—ã–π –≤—ã–≤–æ–¥ —Å–∏–º–≤–æ–ª—ã –∑–∞–¥–∞–Ω–Ω–æ–π —Å—Ç—Ä–æ–∫
  55              	 *	  –∞ —Ç–∞–∫–∂–µ —Å–∏–º–≤–æ–ª –ø–µ—Ä–µ–≤–æ–¥–∞ —Å—Ç—Ä–æ–∫–∏
  56              	 *	
  57              	 * –ü–æ—Å–ª–µ –≤—ã–ø–æ–ª–Ω–µ–Ω–∏—è –º–∞–∫—Ä–æ–≤—ã–∑–æ–≤–∞ –∏–∑–º–µ–Ω—è—é—Ç—Å—è —Ä–µ–≥–∏—Å—Ç—Ä—ã: %e
  58              	 * –°–º. —Ç–∞–∫–∂–µ 'man puts', 'man 2 write'
  59              	*/
  60              	.macro Puts string
  61              	.data
  62              	    str\@: 	.ascii "\string"  # —Ñ–æ—Ä–º–∏—Ä–æ–≤–∞–Ω–∏–µ —Ñ–∞–∫—Ç–∏—á–µ—Å–∫–æ–π —Å—Ç—Ä–æ–∫–∏ –¥–ª—è
  63              		
  64              	    strlen\@ = 	. - str\@           # –ø–æ–ª—É—á–µ–Ω–∏–µ –∑–Ω–∞—á–µ–Ω–∏—è –¥–ª–∏–Ω—ã —Å—Ç—Ä–æ–∫–∏
  65              	
  66              	.text
  67              		movl $4, %eax		# –Ω–æ–º–µ—Ä —Å–∏—Å—Ç. –≤—ã–∑–æ–≤–∞ write
  68              		movl $1, %ebx		# –ø–∞—Ä–∞–º–µ—Ç—Ä 1: –¥–µ—Å–∫—Ä–∏–ø—Ç–æ—Ä —Å—Ç–∞–Ω–¥–∞—Ä—Ç–Ω–æ–≥–æ –≤—ã–≤–æ–¥–∞	
  69              		movl $str\@, %ecx	# –ø–∞—Ä–∞–º–µ—Ç—Ä 2: –∞–¥—Ä–µ—Å –ø–∞–º—è—Ç–∏ —Å –≤—ã–≤–æ–¥–∏–º—ã–º–∏ —Å–∏–º–≤–æ
  70              		movl $strlen\@, %edx 	# –ø–∞—Ä–∞–º–µ—Ç—Ä 3: –∫–æ–ª–∏—á–µ—Å—Ç–≤–æ –±–∞–π—Ç–æ–≤ –¥–ª—è –≤—ã–≤–æ–¥–∞
  71              		int $0x80		# –≤—ã–ø–æ–ª–Ω–∏—Ç—å —Å–∏—Å—Ç–µ–º–Ω—ã–π –≤—ã–∑–æ–≤
  72              	.endm
  73              	
  74              	
  75              	
  76              	
  77              	
   7              	
   8              	.data # —Å–µ–∫—Ü–∏—è –¥–∞–Ω–Ω—ã—Ö, —Ä–∞—Å–ø—Ä–µ–¥–µ–ª–µ–Ω–∏–µ –ø–∞–º—è—Ç–∏
   9              	
  10              	
  11              	Symbols:
  12 0000 39314132 	        .asciz  "91A23B456C789" # –º–∞—Å—Å–∏–≤ —Å–∏–º–≤–æ–ª—å–Ω—ã—Ö –∫–æ–¥–æ–≤
  12      33423435 
  12      36433738 
  12      3900
  13              	#                                 —Ü–∏—Ñ—Ä –∏ "–Ω–µ —Ü–∏—Ñ—Ä"
  14              	
  15              	.bss    # —Å–µ–∫—Ü–∏—è –æ–±—â–µ–π –ø–∞–º—è—Ç–∏ (–¥–ª—è —Ä–µ–∑—É–ª—å—Ç–∞—Ç–∞)
  16              	
  17              	.lcomm  Numbers, 40             # –º–∞—Å—Å–∏–≤ 4-—Ö –±–∞–π—Ç–æ–≤—ã—Ö –∑–Ω–∞—á–µ–Ω–∏–π —Ü–∏—Ñ—Ä
  18              	
  19              	        .text # —Å–µ–∫—Ü–∏—è –∫–æ–º–∞–Ω–¥ –ø—Ä–æ—Ü–µ—Å–æ—Ä–∞
  20              	
  21              	.type   Read_Sym, @function     # —Ñ—É–Ω–∫—Ü–∏—è —Ü–∏–∫–ª–∏—á–µ—Å–∫–æ–π –æ–±—Ä–∞–±–æ—Ç–∫–∏ –º–∞—Å—Å
  22              	
  23              	Read_Sym:
  24              	
  25              	/*
  26              	        –ß–∏—Ç–∞–µ—Ç <–ü–∞—Ä–∞–º–µ—Ç—Ä1> —Å–∏–º–≤–æ–ª–æ–≤ –∏–∑ –º–∞—Å—Å–∏–≤–∞ <–ü–∞—Ä–∞–º–µ—Ç—Ä2>
  27              	        –∏ –ø–µ—Ä–µ–¥–∞–µ—Ç –∏—Ö –Ω–∞ –æ–±—Ä–∞–±–æ—Ç–∫—É —Ñ—É–Ω–∫—Ü–∏–∏ Trans_Sym.
  28              	        –†–µ–∑—É–ª—å—Ç–∞—Ç —Ä–∞–∑–º–µ—â–∞–µ—Ç—Å—è –≤ –º–∞—Å—Å–∏–≤ Numbers
  29              	*/
  30              	#       –°—Ç–∞–Ω–¥–∞—Ä—Ç–Ω—ã–π –ø—Ä–æ–ª–æ–≥ —Ñ—É–Ω—Ü–∏–∏
  31              	
  32 0000 55       	        pushl %ebp       # —Å–æ—Ö—Ä–∞–Ω–∏—Ç—å –≤ —Å—Ç–µ–∫–µ –∑–Ω–∞—á–µ–Ω–∏–µ, –±—ã–≤—à–µ–µ –≤ –≤—ã–
  33 0001 89E5     	        movl  %esp, %ebp # –æ–±–µ—Å–ø–µ—á–∏—Ç—å –∞–¥—Ä–µ—Å–Ω—ã–π –¥–æ—Å—Ç—É–ø –∫ –ø–∞—Ä–∞–º–µ—Ç—Ä–∞
  34              	                         # –ª–æ–∫–∞–ª—å–Ω—ã–º –ø–µ—Ä–µ–º–µ–Ω–Ω–Ω—ã–º –≤ —Å—Ç–µ–∫–µ –ø—É—Ç–µ–º –±–∞–
GAS LISTING func.S 			page 3


  35              	                         # –∞–¥—Ä–µ—Å–∞—Ü–∏–∏ —á–µ—Ä–µ–∑ ebp
  36 0003 83EC04   	        subl  $4, %esp   # –∑–∞–≤–µ—Å—Ç–∏ 4-—Ö –±–∞–π—Ç–æ–≤—É—é –ª–æ–∫–∞–ª—å–Ω—É—é –ø–µ—Ä–µ–º–µ–Ω–Ω
  37 0006 B8DADADA 	        movl  $0xdadadada,%eax
  37      DA
  38 000b 8945FC   	        movl  %eax,-4(%ebp)
  39 000e B8FEFEFE 	        mov   $0xfefefefe,%eax
  39      FE
  40              	#       –¢–µ–ª–æ —Ñ—É–Ω–∫—Ü–∏–∏
  41              	
  42 0013 29C9     	        subl %ecx, %ecx   # –∏–Ω–∏—Ü–∏–∞–ª–∏–∑–∞—Ü–∏—è —Å—á–µ—Ç—á–∏–∫–∞ —Ü–∏–∫–ª–∞ 
  43              	NextSym:
  44 0015 8B550C   	        movl 12(%ebp), %edx  # –∞–¥—Ä–µ—Å –≤—Ç–æ—Ä–æ–≥–æ –ø–∞—Ä–∞–º–µ—Ç—Ä–∞-–º–∞—Å—Å–∏–≤–∞ –≤ edx
  45              	
  46              	#       –≤—ã–∑–æ–≤ —Ñ—É–Ω–∫—Ü–∏–∏ Trans_Sym
  47              	
  48              	
  49              	
  50 0018 29DB     	        subl %ebx, %ebx             # –ø–æ–¥–≥–æ—Ç–æ–≤–∫–∞ ebx –¥–ª—è –∑–∞–ø–∏—Å–∏ —Å–∏–º–≤–æ–ª–∞
  51 001a 8A1C0A   	        movb (%edx,%ecx,1), %bl     # —Å–∏–º–≤–æ–ª –≤ ebx
  52              	
  53              	#       –ù–∞—á–∏–Ω–∞–µ–º –≤—ã–∑–æ–≤ Trans_Sym
  54              	
  55 001d 60       	        pusha   # —Å–æ—Ö—Ä–∞–Ω–∏—Ç—å —Ä–µ–≥–∏—Å—Ç—Ä—ã —Ç–µ–∫—É—â–µ–π —Ñ—É–Ω–∫—Ü–∏–∏ Read_Sym
  56              	
  57 001e 53       	        pushl %ebx                # –ü–∞—Ä–∞–º–µ—Ç—Ä —Ñ—É–Ω–∫—Ü–∏–∏ Trans_Sym (–∫–æ–¥ 
  58              	                                  # —Å–∏–º–≤–æ–ª–∞ –∏–∑ –º–∞—Å—Å–∏–≤–∞) –≤ —Å—Ç–µ–∫
  59 001f E8150000 	        call Trans_Sym
  59      00
  60              	
  61 0024 83C404   	        addl    $4,%esp      # –æ—á–∏—Å—Ç–∏—Ç—å —Å—Ç–µ–∫ –æ—Ç –ø–∞—Ä–∞–º–µ—Ç—Ä–æ–≤ Trans_Sym
  62              	
  63 0027 89048D00 	        movl    %eax, Numbers(,%ecx,4) # –∑–∞–ø–∏—Å–∞—Ç—å —Ä–µ–∑—É–ª—å—Ç–∞—Ç Trans-Sym
  63      000000
  64              	
  65 002e 61       	        popa   # –≤–æ—Å—Å—Ç–∞–Ω–æ–≤—Ç—å —Ä–µ–≥–∏—Å—Ç—Ä—ã Read_Sym
  66              	
  67 002f 41       	        incl %ecx            # –Ω–∞—Ä–∞—â–∏–≤–∞–µ–º —Å—á–µ—Ç—á–∏–∫ —Ü–∏–∫–ª–∞
  68 0030 3B4D08   	        cmpl 8(%ebp), %ecx   # —Å—á–µ—Ç—á–∏–∫ —Ä–∞–≤–µ–Ω –ø–µ—Ä–≤–æ–º—É –ø–∞—Ä–∞–º–µ—Ç—Ä—É?
  69 0033 75E0     	        jne NextSym          # –î–ê, –ø–æ–≤—Ç–æ—Ä—è–µ–º
  70              	                             # –ù–ï–¢ - –≤—ã—Ö–æ–¥–∏–º –∏–∑ —Ü–∏–∫–ª–∞
  71              	
  72              	#       –°—Ç–∞–Ω–¥–∞—Ä—Ç–Ω—ã–π —ç–ø–∏–ª–æ–≥ —Ñ—É–Ω–∫—Ü–∏–∏
  73              	
  74 0035 89EC     	        movl %ebp, %esp # –≤–æ—Å—Å—Ç–∞–Ω–æ–≤–∏—Ç—å —É–∫–∞–∑–∞—Ç–µ–ª—å —Å—Ç–µ–∫–∞
  75 0037 5D       	        popl %ebp       # –≤–æ—Å—Å—Ç–∞–Ω–æ–≤–∏—Ç—å ebp
  76 0038 C3       	        ret             # –≤–æ–∑–≤—Ä–∞—Ç –≤ –≤—ã–∑—ã–≤–∞—é—â—É—é
  77              	
  78              	# –∫–æ–Ω–µ—Ü Read_Sym
  79              	
  80              	/*
  81              	    –§—É–Ω–∫—Ü–∏—è –ø—Ä–µ–æ–±—Ä–∞–∑–æ–≤–∞–Ω–∏—è –∫–æ–¥–∞ —Å–∏–º–≤–æ–ª–∞ –≤ —á–∏—Å–ª–æ–≤–æ–µ –∑–Ω–∞—
  82              	    <–ü–∞—Ä–µ–º–µ—Ç—Ä1> –ø—Ä–µ–æ–±—Ä–∞–∑—É–µ—Ç—Å—è –≤ —á–∏—Å–ª–æ –∏ –≤–æ–∑–≤—Ä–∞—â–∞–µ—Ç—Å—è –≤ eax
  83              	
  84              	.type   Trans_Sym, @function
  85              	
  86              	Trans_Sym:
  87              	
GAS LISTING func.S 			page 4


  88              	#       –°—Ç–∞–Ω–¥–∞—Ä—Ç–Ω—ã–π –ø—Ä–æ–ª–æ–≥ —Ñ—É–Ω—Ü–∏–∏
  89              	
  90 0039 55       	        pushl %ebp       # —Å–æ—Ö—Ä–∞–Ω–∏—Ç—å –≤ —Å—Ç–µ–∫–µ –∑–Ω–∞—á–µ–Ω–∏–µ, –±—ã–≤—à–µ–µ –≤ –≤—ã–
  91 003a 89E5     	        movl  %esp, %ebp # –æ–±–µ—Å–ø–µ—á–∏—Ç—å –∞–¥—Ä–µ—Å–Ω—ã–π –¥–æ—Å—Ç—É–ø –∫ –ø–∞—Ä–∞–º–µ—Ç—Ä–∞
  92              	                         # –ª–æ–∫–∞–ª—å–Ω—ã–º –ø–µ—Ä–µ–º–µ–Ω–Ω–Ω—ã–º –≤ —Å—Ç–µ–∫–µ –ø—É—Ç–µ–º –±–∞–
  93              	                         # –∞–¥—Ä–µ—Å–∞—Ü–∏–∏ —á–µ—Ä–µ–∑ ebp
  94              	
  95              	#       —Ç–µ–ª–æ —Ñ—É–Ω–∫—Ü–∏–∏
  96              	
  97 003c 8B4508   	        movl 8(%ebp), %eax  # –ø–∞—Ä–∞–º–µ—Ç—Ä –≤ eax
  98 003f 83E830   	        subl $0x30, %eax    # –ø–æ–ª—É—á–µ–Ω–∏–µ —á–∏—Å–ª–æ–≤–æ–≥–æ –∑–Ω–∞—á–µ–Ω–∏—è
  99              	
 100              	#       –°—Ç–∞–Ω–¥–∞—Ä—Ç–Ω—ã–π —ç–ø–∏–ª–æ–≥ —Ñ—É–Ω–∫—Ü–∏–∏
 101              	
 102 0042 89EC     	        movl %ebp, %esp # –≤–æ—Å—Å—Ç–∞–Ω–æ–≤–∏—Ç—å —É–∫–∞–∑–∞—Ç–µ–ª—å —Å—Ç–µ–∫–∞
 103 0044 5D       	        popl %ebp       # –≤–æ—Å—Å—Ç–∞–Ω–æ–≤–∏—Ç—å ebp
 104 0045 C3       	        ret             # –≤–æ–∑–≤—Ä–∞—Ç –≤ –≤—ã–∑—ã–≤–∞—é—â—É—é
 105              	
 106              	
 107              	.global _start # —Ç–æ—á–∫–∞ –≤—Ö–æ–¥–∞ - –≥–ª–æ–±–∞–ª—å–Ω–∞—è –º–µ—Ç–∫–∞
 108              	
 109              	_start:
 110              	
 111 0046 90       	                nop
 112              	
 113 0047 60       	                pusha   # —Å–æ—Ö—Ä–∞–Ω–µ–Ω–∏–µ —Ä–µ–≥–∏—Å—Ç—Ä–æ–≤ –≥–ª–∞–≤–Ω–æ–π –ø—Ä–æ–≥—Ä–∞–º–º—ã
 114              	
 115 0048 68000000 	                pushl $Symbols  # –ü–∞—Ä–∞–º–µ—Ç—Ä-2 - –∞–¥—Ä–µ—Å –º–∞—Å—Å–∏–≤–∞ –≤ —Å—Ç–µ–∫
 115      00
 116 004d 6A08     	                pushl $8        # –ü–∞—Ä–∞–º–µ—Ç—Ä-1 –≤ —Å—Ç–µ–∫
 117              	
 118 004f E8ACFFFF 	                call Read_Sym   # –≤—ã–∑–æ–≤ —Ñ—É–Ω–∫—Ü–∏–∏
 118      FF
 119              	
 120 0054 83C408   	                addl $8,%esp    # –æ—á–∏—Å—Ç–∏—Ç—å —Å—Ç–µ–∫ –æ—Ç –ø–∞—Ä–∞–º–µ—Ç—Ä–æ–≤ Read_Sym
 121 0057 61       	                popa         # –≤–æ—Å—Å—Ç–∞–Ω–æ–≤–∏—Ç—å —Ä–µ–≥–∏—Å—Ç—Ä—ã –≥–ª–∞–≤–Ω–æ–π –ø—Ä–æ–≥—Ä–
 122              	
 123              	                Finish # –∫–æ–Ω–µ—Ü —Ä–∞–±–æ—Ç—ã, –≤–æ–∑–≤—Ä–∞—Ç –≤ –û–° (–º–∞–∫—Ä–æ –∏–∑ —Ñ–∞–π–ª–
 123 0058 BB000000 	>  movl $0,%ebx
 123      00
 123 005d B8010000 	>  movl $1,%eax
 123      00
 123 0062 CD80     	>  int $0x80
 124              	                
 125              	                .end   # –ø–æ—Å–ª–µ–¥–Ω—è—è —Å—Ç—Ä–æ–∫–∞ –∏—Å—Ö–æ–¥–Ω–æ–≥–æ —Ç–µ–∫—Å—Ç–∞
GAS LISTING func.S 			page 5


DEFINED SYMBOLS
              func.S:11     .data:0000000000000000 Symbols
              func.S:17     .bss:0000000000000000 Numbers
              func.S:23     .text:0000000000000000 Read_Sym
              func.S:43     .text:0000000000000015 NextSym
              func.S:86     .text:0000000000000039 Trans_Sym
              func.S:109    .text:0000000000000046 _start

NO UNDEFINED SYMBOLS
