GAS LISTING task4.S 			page 1


   1              	/*
   2              		–ü—Ä–æ–≥—Ä–∞–º–º–∞ –¥–ª—è –≤—ã—á–µ—Å–ª–µ–Ω–∏—è —Å—É–º–º—ã –≤–≤–µ–¥–µ–Ω–Ω—ã—Ö –æ–¥–Ω–æ—Ü–∏—Ñ—Ä–æ–≤—
   3              		–¢–∞–∫–∂–µ —Ä–∞–±–æ—Ç–∞–µ—Ç —Å –æ—Ç—Ä–∏—Ü–∞—Ç–µ–ª—å–Ω—ã–º–∏ —á–∏—Å–ª–∞–º–∏ –∏ —É—á–∏—Ç—ã–≤–∞–µ—Ç –
   4              		–í—ã–≤–æ–¥–∏—Ç —Å—É–º–º—É —á–∏—Å–µ–ª –≤ 10 —Å—Å 8 —Å—Å –∏ 2 —Å—Å
   5              	
   6              		–ê–≤—Ç–æ—Ä: –ß–µ–∫–∞—Ä–µ–≤ –õ–µ–≤ 22107 2022–≥	
   7              	*/
   8              		
   9              	.include "my-macro" 		# –ü–æ–¥–∫–ª—é—á–∞–µ–º —Ñ–∞–π–ª —Å –º–∞–∫—Ä–æ–æ–ø—Ä–µ–¥–µ–ª–µ–Ω–∏—è–º–∏
   1              	/*
   2              	 * –ú–∞–∫—Ä–æ–æ–ø—Ä–µ–¥–µ–ª–µ–Ω–∏–µ –∑–∞–≤–µ—Ä—à–µ–Ω–∏—è —Ä–∞–±–æ—Ç—ã.
   3              	 * –ê—Ä–≥—É–º–µ–Ω—Ç—ã:
   4              	 *     - –∫–æ–¥ –∑–∞–≤–µ—Ä—à–µ–Ω–∏—è –ø—Ä–æ–≥—Ä–∞–º–º—ã
   5              	 *
   6              	 * –ü–æ—Å–ª–µ –≤—ã–ø–æ–ª–Ω–µ–Ω–∏—è –º–∞–∫—Ä–æ–≤—ã–∑–æ–≤–∞ –∏–∑–º–µ–Ω—è—é—Ç—Å—è —Ä–µ–≥–∏—Å—Ç—Ä—ã: %e
   7              	 * –°–º. —Ç–∞–∫–∂–µ 'man 2 exit'
   8              	*/
   9              	.macro Exit ret_val
  10              	    movl $1, %eax         # –Ω–æ–º–µ—Ä —Å–∏—Å—Ç. –≤—ã–∑–æ–≤–∞ exit
  11              	    movl \ret_val, %ebx     # –∫–æ–¥ –≤—ã—Ö–æ–¥–∞
  12              	    int $0x80         # –≤—ã–ø–æ–ª–Ω–∏—Ç—å —Å–∏—Å—Ç–µ–º–Ω—ã–π –≤—ã–∑–æ–≤
  13              	.endm
  14              	
  15              	
  16              	/*
  17              	 * –ú–∞–∫—Ä–æ–æ–ø—Ä–µ–¥–µ–ª–µ–Ω–∏–µ –¥–ª—è —Å—á–∏—Ç—ã–≤–∞–Ω–∏—è –æ–¥–Ω–æ–≥–æ –±–∞–π—Ç–∞ –∫–æ–¥–∞ —Å
  18              	 * —Å—Ç–∞–Ω–¥–∞—Ä—Ç–Ω–æ–≥–æ –≤–≤–æ–¥–∞
  19              	 * –ê—Ä–≥—É–º–µ–Ω—Ç—ã:
  20              	 *     - –∞–¥—Ä–µ—Å –±—É—Ñ–µ—Ä–∞ –¥–ª—è —Å—á–∏—Ç—ã–≤–∞–Ω–∏—è –±–∞–π—Ç–∞
  21              	 * –†–µ–∑—É–ª—å—Ç–∞—Ç:
  22              	 *    - –≤ %eax –∫–æ–ª–∏—á–µ—Å—Ç–≤–æ —Å—á–∏—Ç–∞–Ω–Ω—ã—Ö –±–∞–π—Ç–æ–≤
  23              	 *    - –ø–æ –∞–¥—Ä–µ—Å—É buf_addr - —Å—á–∏—Ç–∞–Ω–Ω—ã–π –±–∞–π—Ç
  24              	 *
  25              	 * –ü–æ—Å–ª–µ –≤—ã–ø–æ–ª–Ω–µ–Ω–∏—è –º–∞–∫—Ä–æ–≤—ã–∑–æ–≤–∞ –∏–∑–º–µ–Ω—è—é—Ç—Å—è —Ä–µ–≥–∏—Å—Ç—Ä—ã: %e
  26              	 * –°–º. —Ç–∞–∫–∂–µ 'man 2 read'
  27              	*/
  28              	.macro Getchar buf_addr
  29              	    movl $3, %eax        # –Ω–æ–º–µ—Ä —Å–∏—Å—Ç. –≤—ã–∑–æ–≤–∞ read
  30              	    movl $0, %ebx        # –ø–∞—Ä–∞–º–µ—Ç—Ä 1: –¥–µ—Å–∫—Ä–∏–ø—Ç–æ—Ä —Å—Ç–∞–Ω–¥–∞—Ä—Ç–Ω–æ–≥–æ –≤–≤–æ
  31              	    movl \buf_addr, %ecx    # –ø–∞—Ä–∞–º–µ—Ç—Ä 2: –∞–¥—Ä–µ—Å –±—É—Ñ–µ—Ä–∞ (–æ–Ω –∂–µ - —Ñ–∞–∫—Ç–∏—á
  32              	                     # –ø–∞—Ä–∞–º–µ—Ç—Ä –º–∞–∫—Ä–æ–≤—ã–∑–æ–≤–∞)
  33              	    movl $1, %edx        # –ø–∞—Ä–∞–º–µ—Ç—Ä 3: –∫–æ–ª–∏—á–µ—Å—Ç–≤–æ –±–∞–π—Ç–æ–≤ –¥–ª—è —á—Ç–µ–Ω–∏—
  34              	    int $0x80        # –≤—ã–ø–æ–ª–Ω–∏—Ç—å —Å–∏—Å—Ç–µ–º–Ω—ã–π –≤—ã–∑–æ–≤
  35              	.endm
  36              	
  37              	/*
  38              	 * –ú–∞–∫—Ä–æ–æ–ø—Ä–µ–¥–µ–ª–µ–Ω–∏–µ –¥–ª—è  –≤—ã–≤–æ–¥–∞ —Å—Ç—Ä–æ–∫–∏ –≤ —Ñ–∞–π–ª —Å—Ç–∞–Ω–¥–∞—Ä—Ç–
  39              	 * –ê—Ä–≥—É–º–µ–Ω—Ç—ã:
  40              	 *     - –°—Ç—Ä–æ–∫–∞ –¥–ª—è –≤—ã–≤–æ–¥–∞.
  41              	 *
  42              	 * –ü—Ä–∏–º–µ—Ç—Ä –º–∞–∫—Ä–æ–≤—ã–∑–æ–≤–∞:
  43              	 *    Puts "–¢–µ–∫—Å—Ç –≤—ã–≤–æ–¥–∏–º–æ–π —Å—Ç—Ä–æ–∫–∏"
  44              	 *
  45              	 * –†–µ–∑—É–ª—å—Ç–∞—Ç:
  46              	 *    - –≤—ã–≤–æ–¥–∏—Ç –≤ —Å—Ç–∞–Ω–¥–∞—Ä—Ç–Ω—ã–π –≤—ã–≤–æ–¥ —Å–∏–º–≤–æ–ª—ã –∑–∞–¥–∞–Ω–Ω–æ–π —Å—Ç—Ä–
  47              	 *      –∏ –≤—Å–ª–µ–¥ –∑–∞ –Ω–∏–º–∏ —Å–∏–º–≤–æ–ª –ø–µ—Ä–µ–≤–æ–¥–∞ —Å—Ç—Ä–æ–∫–∏ \n
  48              	 *
GAS LISTING task4.S 			page 2


  49              	 * –ü–æ—Å–ª–µ –≤—ã–ø–æ–ª–Ω–µ–Ω–∏—è –º–∞–∫—Ä–æ–≤—ã–∑–æ–≤–∞ –∏–∑–º–µ–Ω—è—é—Ç—Å—è —Ä–µ–≥–∏—Å—Ç—Ä—ã: %e
  50              	 * –°–º. —Ç–∞–∫–∂–µ 'man puts', 'man 2 write'
  51              	*/
  52              	.macro Puts string
  53              	.data
  54              	    str\@:     .ascii "\string\n"  # —Ñ–æ—Ä–º–∏—Ä–æ–≤–∞–Ω–∏–µ —Ñ–∞–∫—Ç–∏—á–µ—Å–∫–æ–π —Å—Ç—Ä–æ–∫–∏ –
  55              	
  56              	    strlen\@ =     . - str\@           # –ø–æ–ª—É—á–µ–Ω–∏–µ –∑–Ω–∞—á–µ–Ω–∏—è –¥–ª–∏–Ω—ã —Å—Ç—Ä–æ–∫–
  57              	
  58              	.text
  59              	    movl $4, %eax        # –Ω–æ–º–µ—Ä —Å–∏—Å—Ç. –≤—ã–∑–æ–≤–∞ write
  60              	    movl $1, %ebx        # –ø–∞—Ä–∞–º–µ—Ç—Ä 1: –¥–µ—Å–∫—Ä–∏–ø—Ç–æ—Ä —Å—Ç–∞–Ω–¥–∞—Ä—Ç–Ω–æ–≥–æ –≤—ã–≤
  61              	    movl $str\@, %ecx    # –ø–∞—Ä–∞–º–µ—Ç—Ä 2: –∞–¥—Ä–µ—Å –ø–∞–º—è—Ç–∏ —Å –≤—ã–≤–æ–¥–∏–º—ã–º–∏ —Å–∏
  62              	    movl $strlen\@, %edx     # –ø–∞—Ä–∞–º–µ—Ç—Ä 3: –∫–æ–ª–∏—á–µ—Å—Ç–≤–æ –±–∞–π—Ç–æ–≤ –¥–ª—è –≤—ã–≤–
  63              	    int $0x80        # –≤—ã–ø–æ–ª–Ω–∏—Ç—å —Å–∏—Å—Ç–µ–º–Ω—ã–π –≤—ã–∑–æ–≤
  64              	.endm
  10              	
  11              	.data
  12 0000 30       		delta: .byte 0x30	# –ü–µ—Ä–µ–º–µ–Ω–Ω–∞—è –¥–ª—è –ø–æ–ª—É—á–µ–Ω–∏—è –∏–∑ –∫–æ–¥–∞ —Å–∏–º–≤–æ–ª–∞ –µ
  13 0001 0000     	        summ: .short 0 #–ü–µ—Ä–µ–º–µ–Ω–Ω–∞—è –¥–ª—è —Ö—Ä–∞–Ω–µ–Ω–∏—è —Å—É–º–º—ã 
  14 0003 0000     		num_system: .short 0 # –ü–µ—Ä–µ–º–µ–Ω–Ω–∞—è –¥–ª—è –Ω–æ–º–µ—Ä–∞ —Å.—Å.
  15 0005 00000000 		count_num: .long 0 # –ö–æ–ª-–≤–æ –≤–æ–∑–º–æ–∂–Ω—ã—Ö —Ü–∏—Ñ—Ä –≤ —Å.—Å.
  16 0009 00000000 		str_len: .long 0 # –ö–æ–ª-–≤–æ —Ü–∏—Ñ—Ä –≤ —á–∏—Å–ª–µ –¥–ª—è –≤—ã–≤–æ–¥–∞
  17 000d 00000000 		flag_minus: .long 0 # –§–ª–∞–≥ –º–∏–Ω—É—Å–∞ —Å—É–º–º—ã
  18              		
  19              	.bss
  20              	        .lcomm c, 1               # –ë—É—Ñ–µ—Ä –¥–ª—è —á—Ç–µ–Ω–∏—è —Ç–µ–∫—É—â–µ–≥–æ —Å–∏–º–≤–æ–ª–∞.
  21              	        .lcomm out10, 6           # –ë—É—Ñ–µ—Ä –¥–ª—è –≤—ã–≤–æ–¥–∞.
  22              	        .lcomm n, 1		  # –ü–µ—Ä–µ–º–µ–Ω–Ω–∞—è –¥–ª—è –æ–±—Ä–∞–±–æ—Ç–∫–∏ —Ç–µ–∫—É—â–µ–≥–æ —Å–∏–º–≤–æ
  23              	
  24              	.text
  25              	.global _start
  26              	
  27              	_start:
  28              	
  29              	input:
  30              	        Puts "–í–≤–µ–¥–∏—Ç–µ —Ü–∏—Ñ—Ä—É"
  30              	> .data
  30 0011 D092D0B2 	>  str0:.ascii "–í–≤–µ–¥–∏—Ç–µ —Ü–∏—Ñ—Ä—É\n"
  30      D0B5D0B4 
  30      D0B8D182 
  30      D0B520D1 
  30      86D0B8D1 
  30              	> 
  30              	>  strlen0 =. - str0
  30              	> 
  30              	> .text
  30 0000 B8040000 	>  movl $4,%eax
  30      00
  30 0005 BB010000 	>  movl $1,%ebx
  30      00
  30 000a B9110000 	>  movl $str0,%ecx
  30      00
  30 000f BA1A0000 	>  movl $strlen0,%edx
  30      00
  30 0014 CD80     	>  int $0x80
  31              	
GAS LISTING task4.S 			page 3


  32              	show_prompt:
  33              	        Getchar $c              # –º–∞–∫—Ä–æ–≤—ã–∑–æ–≤ –≤–≤–æ–¥–∞ —Å–∏–º–≤–æ–ª–∞ —Å–æ —Å—Ç–∞–Ω–¥–∞—
  33 0016 B8030000 	>  movl $3,%eax
  33      00
  33 001b BB000000 	>  movl $0,%ebx
  33      00
  33 0020 B9000000 	>  movl $c,%ecx
  33      00
  33              	>  
  33 0025 BA010000 	>  movl $1,%edx
  33      00
  33 002a CD80     	>  int $0x80
  34 002c 83F800   	        Cmpl $0, %eax           # –ö–æ–Ω–µ—Ü —Ñ–∞–π–ª - EOF (–≤–≤–µ–¥–µ–Ω–æ 0 —Å–∏–º–≤–æ–ª–æ–≤) ?
  35 002f 0F84B601 	        je stop	                # –î–∞ - –≤—ã–≤–æ–¥ —Å—É–º–º—ã
  35      0000
  36              	
  37 0035 C7050D00 		movl $0, flag_minus # –û–±–Ω–æ–≤–ª—è–µ–º —Ñ–ª–∞–≥ –º–∏–Ω—É—Å–∞
  37      00000000 
  37      0000
  38              		
  39 003f 803D0000 		cmpb $'\n', c           # —ç—Ç–æ —Å–∏–º–≤–æ–ª –ø–µ—Ä–µ–≤–æ–¥–∞ —Å—Ç—Ä–æ–∫–∏ ?
  39      00000A
  40 0046 742F     	        je plus_numb
  41              	
  42 0048 803D0000 		cmpb $'-', c  # –ï—Å–ª–∏ —á–∏—Å–ª–æ –æ—Ç—Ä–∏—Ü–∞—Ç–µ–ª—å–Ω–æ–µ
  42      00002D
  43 004f 7446     		je minus_numb
  44              	
  45 0051 803D0000 		cmpb $'9', c            # –∫–æ–¥ –±–æ–ª—å—à–µ –∫–æ–¥–∞ —Å–∏–º–≤–æ–ª–∞ '9' ?
  45      000039
  46 0058 0F87DC00 	        ja print_err            # –î–ê - –Ω–∞ –≤—ã–≤–æ–¥ —Å–æ–æ–±—â–µ–Ω–∏—è –æ–± –æ—à–∏–±–∫–µ
  46      0000
  47 005e 803D0000 	        cmpb $'0', c            # –∫–æ–¥ –º–µ–Ω—å—à–µ –∫–æ–¥–∞ —Å–∏–º–≤–æ–ª–∞ '0' ?
  47      000030
  48 0065 0F82CF00 	        jb print_err            # –î–ê - –Ω–∞ –≤—ã–≤–æ–¥ —Å–æ–æ–±—â–µ–Ω–∏—è –æ–± –æ—à–∏–±–∫–µ
  48      0000
  49              	
  50 006b A0000000 	        movb c, %al # –ü–µ—Ä–µ–¥–∞–µ–º –∑–Ω–∞—á–µ–Ω–∏–µ –∏–∑ —Å –≤ n
  50      00
  51 0070 A20A0000 	        movb %al, n
  51      00
  52              	
  53 0075 EB9F     		jmp show_prompt
  54              	
  55              	plus_numb:
  56 0077 6631C0   		xorw %ax, %ax		# –û–±–Ω—É–ª–µ–Ω–∏–µ %ax –¥–ª—è –ø—Ä–∞–≤–∏–ª—å–Ω–æ–π –æ–±—Ä–∞–±–æ—Ç–∫–∏
  57              	
  58 007a A00A0000 	        movb n, %al             # –ü—Ä–∏—Å–≤–∞–µ–≤–∞–µ–º %al –∑–Ω–∞—á–µ–Ω–∏–µ n
  58      00
  59              	
  60 007f 2A050000 		subb delta, %al		# –ü–æ–ª—É—á–∞–µ–º —á–∏—Å–ª–æ –∏–∑ –∫–æ–¥–∞
  60      0000
  61 0085 66010501 		addw %ax, summ		# –ü—Ä–∏–±–∞–≤–ª—è–µ–º —á–∏—Å–ª–æ –∫ —Å—É–º–º–µ
  61      000000
  62 008c 0F80C300 		jo err_buf_over		# –ü—Ä–æ–≤–µ—Ä—è–µ–º –Ω–∞ –ø–µ—Ä–µ–ø–æ–ª–Ω–µ–Ω–∏–µ
  62      0000
  63              	
GAS LISTING task4.S 			page 4


  64 0092 E9D60000 		jmp print_summ_numbers_10
  64      00
  65              	
  66              	minus_numb:
  67              		Getchar $c
  67 0097 B8030000 	>  movl $3,%eax
  67      00
  67 009c BB000000 	>  movl $0,%ebx
  67      00
  67 00a1 B9000000 	>  movl $c,%ecx
  67      00
  67              	>  
  67 00a6 BA010000 	>  movl $1,%edx
  67      00
  67 00ab CD80     	>  int $0x80
  68 00ad 6631C0   		xorw %ax, %ax           # –û–±–Ω—É–ª–µ–Ω–∏–µ %ax –¥–ª—è –ø—Ä–∞–≤–∏–ª—å–Ω–æ–π –æ–±—Ä–∞–±–æ—Ç–∫–∏
  69              	
  70 00b0 803D0000 		cmpb $'-', c  # –ï—Å–ª–∏ —á–∏—Å–ª–æ –æ—Ç—Ä–∏—Ü–∞—Ç–µ–ª—å–Ω–æ–µ
  70      00002D
  71 00b7 74DE     		je minus_numb
  72              	
  73 00b9 803D0000 		cmpb $'9', c            # –∫–æ–¥ –±–æ–ª—å—à–µ –∫–æ–¥–∞ —Å–∏–º–≤–æ–ª–∞ '9' ?
  73      000039
  74 00c0 7778     	        ja print_err            # –î–ê - –Ω–∞ –≤—ã–≤–æ–¥ —Å–æ–æ–±—â–µ–Ω–∏—è –æ–± –æ—à–∏–±–∫–µ
  75 00c2 803D0000 	        cmpb $'0', c            # –∫–æ–¥ –º–µ–Ω—å—à–µ –∫–æ–¥–∞ —Å–∏–º–≤–æ–ª–∞ '0' ?
  75      000030
  76 00c9 726F     	        jb print_err            # –î–ê - –Ω–∞ –≤—ã–≤–æ–¥ —Å–æ–æ–±—â–µ–Ω–∏—è –æ–± –æ—à–∏–±–∫–µ
  77              		
  78 00cb A0000000 	        movb c, %al             # –ü—Ä–∏—Å–≤–∞–µ–≤–∞–µ–º %al –∑–Ω–∞—á–µ–Ω–∏–µ c
  78      00
  79 00d0 A20A0000 	        movb %al, n
  79      00
  80              	
  81              		Getchar $c
  81 00d5 B8030000 	>  movl $3,%eax
  81      00
  81 00da BB000000 	>  movl $0,%ebx
  81      00
  81 00df B9000000 	>  movl $c,%ecx
  81      00
  81              	>  
  81 00e4 BA010000 	>  movl $1,%edx
  81      00
  81 00e9 CD80     	>  int $0x80
  82 00eb 803D0000 		cmpb $'\n', c
  82      00000A
  83 00f2 742D     		je minus
  84              		
  85 00f4 803D0000 		cmpb $'-', c  # –ï—Å–ª–∏ —á–∏—Å–ª–æ –æ—Ç—Ä–∏—Ü–∞—Ç–µ–ª—å–Ω–æ–µ
  85      00002D
  86 00fb 749A     		je minus_numb
  87              	
  88 00fd 803D0000 		cmpb $'9', c            # –∫–æ–¥ –±–æ–ª—å—à–µ –∫–æ–¥–∞ —Å–∏–º–≤–æ–ª–∞ '9' ?
  88      000039
  89 0104 7734     	        ja print_err            # –î–ê - –Ω–∞ –≤—ã–≤–æ–¥ —Å–æ–æ–±—â–µ–Ω–∏—è –æ–± –æ—à–∏–±–∫–µ
  90 0106 803D0000 	        cmpb $'0', c            # –∫–æ–¥ –º–µ–Ω—å—à–µ –∫–æ–¥–∞ —Å–∏–º–≤–æ–ª–∞ '0' ?
  90      000030
GAS LISTING task4.S 			page 5


  91 010d 722B     	        jb print_err            # –î–ê - –Ω–∞ –≤—ã–≤–æ–¥ —Å–æ–æ–±—â–µ–Ω–∏—è –æ–± –æ—à–∏–±–∫–µ
  92              	
  93 010f 6631C0   		xorw %ax, %ax           # –û–±–Ω—É–ª–µ–Ω–∏–µ %ax –¥–ª—è –ø—Ä–∞–≤–∏–ª—å–Ω–æ–π –æ–±—Ä–∞–±–æ—Ç–∫–∏
  94              	
  95 0112 A0000000 	        movb c, %al             # –ü—Ä–∏—Å–≤–∞–µ–≤–∞–µ–º %al –∑–Ω–∞—á–µ–Ω–∏–µ c
  95      00
  96 0117 A20A0000 	        movb %al, n
  96      00
  97              	
  98 011c E9F5FEFF 	        jmp show_prompt
  98      FF
  99              	
 100              	minus:
 101 0121 6631C0   		xorw %ax, %ax
 102 0124 A00A0000 		movb n, %al
 102      00
 103 0129 2A050000 		subb delta, %al
 103      0000
 104 012f 66290501 		subw %ax, summ          
 104      000000
 105 0136 701D     		jo err_buf_over
 106 0138 EB33     		jmp print_summ_numbers_10
 107              		
 108              	print_err:
 109              		Puts "–ù–µ —Ü–∏—Ñ—Ä–æ–≤–∞—è –∫–ª–∞–≤–∏—à–∞. –ü–æ–≤—Ç–æ—Ä–∏—Ç–µ –≤–≤–æ–¥"	# –≤—ã–≤–æ–¥ —Å–æ–æ–±—â–µ
 109              	> .data
 109 002b D09DD0B5 	>  str4:.ascii "–ù–µ —Ü–∏—Ñ—Ä–æ–≤–∞—è –∫–ª–∞–≤–∏—à–∞. –ü–æ–≤—Ç–æ—Ä–∏—Ç–µ –≤–≤–æ–¥\n"
 109      20D186D0 
 109      B8D184D1 
 109      80D0BED0 
 109      B2D0B0D1 
 109              	> 
 109              	>  strlen4 =. - str4
 109              	> 
 109              	> .text
 109 013a B8040000 	>  movl $4,%eax
 109      00
 109 013f BB010000 	>  movl $1,%ebx
 109      00
 109 0144 B92B0000 	>  movl $str4,%ecx
 109      00
 109 0149 BA420000 	>  movl $strlen4,%edx
 109      00
 109 014e CD80     	>  int $0x80
 110 0150 E9C1FEFF 		jmp show_prompt 				# –Ω–∞ –≤–≤–æ–¥ —Å–ª–µ–¥—É—é—â–µ–≥–æ —Å–∏–º–≤–æ–ª–∞
 110      FF
 111              	
 112              	err_buf_over:	
 113              		Puts "–ü—Ä–æ–∏–∑–æ—à–ª–æ –ø–µ—Ä–µ–ø–æ–ª–Ω–µ–Ω–∏–µ. –í—ã—Ö–æ–¥."	# –≤—ã–≤–æ–¥ —Å–æ–æ–±—â–µ–Ω–∏—è –æ
 113              	> .data
 113 006d D09FD180 	>  str5:.ascii "–ü—Ä–æ–∏–∑–æ—à–ª–æ –ø–µ—Ä–µ–ø–æ–ª–Ω–µ–Ω–∏–µ. –í—ã—Ö–æ–¥.\n"
 113      D0BED0B8 
 113      D0B7D0BE 
 113      D188D0BB 
 113      D0BE20D0 
 113              	> 
 113              	>  strlen5 =. - str5
GAS LISTING task4.S 			page 6


 113              	> 
 113              	> .text
 113 0155 B8040000 	>  movl $4,%eax
 113      00
 113 015a BB010000 	>  movl $1,%ebx
 113      00
 113 015f B96D0000 	>  movl $str5,%ecx
 113      00
 113 0164 BA390000 	>  movl $strlen5,%edx
 113      00
 113 0169 CD80     	>  int $0x80
 114 016b EB7E     		jmp stop				# –≤—ã—Ö–æ–¥ –∏–∑ –ø—Ä–æ–≥—Ä–∞–º–º—ã
 115              	
 116              	print_summ_numbers_10:
 117              		Puts "–°—É–º–º–∞ –≤–≤–µ–¥–µ–Ω–Ω—ã—Ö —á–∏—Å–µ–ª –≤ 10 —Å.—Å.: "
 117              	> .data
 117 00a6 D0A1D183 	>  str6:.ascii "–°—É–º–º–∞ –≤–≤–µ–¥–µ–Ω–Ω—ã—Ö —á–∏—Å–µ–ª –≤ 10 —Å.—Å.: \n"
 117      D0BCD0BC 
 117      D0B020D0 
 117      B2D0B2D0 
 117      B5D0B4D0 
 117              	> 
 117              	>  strlen6 =. - str6
 117              	> 
 117              	> .text
 117 016d B8040000 	>  movl $4,%eax
 117      00
 117 0172 BB010000 	>  movl $1,%ebx
 117      00
 117 0177 B9A60000 	>  movl $str6,%ecx
 117      00
 117 017c BA380000 	>  movl $strlen6,%edx
 117      00
 117 0181 CD80     	>  int $0x80
 118 0183 66C70503 	        movw $10, num_system  
 118      0000000A 
 118      00
 119 018c 66C70505 		movw $5, count_num
 119      00000005 
 119      00
 120 0195 EB60     		jmp ToString
 121              	
 122              	print_summ_numbers_8:	
 123              		Puts "–°—É–º–º–∞ –≤–≤–µ–¥–µ–Ω–Ω—ã—Ö —á–∏—Å–µ–ª –≤ 8 —Å.—Å.: "
 123              	> .data
 123 00de D0A1D183 	>  str7:.ascii "–°—É–º–º–∞ –≤–≤–µ–¥–µ–Ω–Ω—ã—Ö —á–∏—Å–µ–ª –≤ 8 —Å.—Å.: \n"
 123      D0BCD0BC 
 123      D0B020D0 
 123      B2D0B2D0 
 123      B5D0B4D0 
 123              	> 
 123              	>  strlen7 =. - str7
 123              	> 
 123              	> .text
 123 0197 B8040000 	>  movl $4,%eax
 123      00
 123 019c BB010000 	>  movl $1,%ebx
GAS LISTING task4.S 			page 7


 123      00
 123 01a1 B9DE0000 	>  movl $str7,%ecx
 123      00
 123 01a6 BA370000 	>  movl $strlen7,%edx
 123      00
 123 01ab CD80     	>  int $0x80
 124 01ad 66C70503 	        movw $8, num_system
 124      00000008 
 124      00
 125 01b6 66C70505 		movw $6, count_num
 125      00000006 
 125      00
 126 01bf EB36     		jmp ToString
 127              	
 128              	print_summ_numbers_2:	
 129              		Puts "–°—É–º–º–∞ –≤–≤–µ–¥–µ–Ω–Ω—ã—Ö —á–∏—Å–µ–ª –≤ 2 —Å.—Å.: "
 129              	> .data
 129 0115 D0A1D183 	>  str8:.ascii "–°—É–º–º–∞ –≤–≤–µ–¥–µ–Ω–Ω—ã—Ö —á–∏—Å–µ–ª –≤ 2 —Å.—Å.: \n"
 129      D0BCD0BC 
 129      D0B020D0 
 129      B2D0B2D0 
 129      B5D0B4D0 
 129              	> 
 129              	>  strlen8 =. - str8
 129              	> 
 129              	> .text
 129 01c1 B8040000 	>  movl $4,%eax
 129      00
 129 01c6 BB010000 	>  movl $1,%ebx
 129      00
 129 01cb B9150100 	>  movl $str8,%ecx
 129      00
 129 01d0 BA370000 	>  movl $strlen8,%edx
 129      00
 129 01d5 CD80     	>  int $0x80
 130 01d7 66C70503 	        movw $2, num_system
 130      00000002 
 130      00
 131 01e0 66C70505 		movw $16, count_num
 131      00000010 
 131      00
 132 01e9 EB0C     		jmp ToString
 133              	
 134              	stop:
 135              		Exit $0			# –≤—ã—Ö–æ–¥ –∏–∑ –ø—Ä–æ–≥—Ä–∞–º–º—ã
 135 01eb B8010000 	>  movl $1,%eax
 135      00
 135 01f0 BB000000 	>  movl $0,%ebx
 135      00
 135 01f5 CD80     	>  int $0x80
 136              	
 137              	ToString:
 138 01f7 668B1D03 	        movw num_system, %bx    # –°–∏—Å—Ç–µ–º–∞ —Å—á–∏—Å–ª–µ–Ω–∏—è. –ù–∞ –Ω–µ—ë –±—É–¥–µ–º –¥–µ–ª–
 138      000000
 139 01fe 8B350500 	        movl count_num, %esi    # –ê–¥—Ä–µ—Å —Å–∞–º–æ–≥–æ –ø–µ—Ä–≤–æ–≥–æ —á–∏–ª–∞. –í —á–∏—Å–ª–µ <=
 139      0000
 140 0204 66A10100 	        movw summ, %ax 		# –ö–æ–ø–∏—Ä—É–µ–º –Ω–æ–º–µ—Ä –≤ %ax
GAS LISTING task4.S 			page 8


 140      0000
 141 020a 31FF     	        xorl %edi, %edi         # –û–±–Ω—É–ª—è–µ–º %edi
 142 020c 31C9     		xorl %ecx, %ecx
 143              	
 144 020e 66833D01 		cmpw $0, summ
 144      00000000 
 145 0216 7C1B     		jl ToStr_begin_minus
 146              		
 147              	ToStr_begin:           # –ù–∞—á–∞–ª–æ —Ü–∏–∫–ª–∞
 148 0218 41       		incl %ecx               # –°—á–µ—Ç—á–∏–∫ –¥–ª–∏–Ω—ã —Å—Ç—Ä–æ–∫–∏ –≤—ã–≤–æ–¥–∞
 149 0219 BA000000 	        movl $0, %edx           # –û–±–Ω—É–ª—è–µ–º %edx (–í –Ω—ë–º –ø–æ—Å–ª–µ –æ–ø–µ—Ä–∞—Ü–∏–∏ –±—É
 149      00
 150 021e 66F7F3   	        divw %bx                # –î–µ–ª–∏–º %ax –Ω–∞ %bx, –æ—Å—Ç–∞—Ç–æ–∫ –≤ %dx
 151 0221 80C230   	        addb $0x30, %dl         # –ü—Ä–∏–±–∞–≤–ª—è–µ–º –∫ %dl 0x30, —á—Ç–æ–±—ã –ø–µ—Ä–µ–π—Ç–∏ –∫ –∫
 152 0224 88960400 	        movb %dl, out10(%esi) 	# –ö–æ–ø–∏—Ä—É–µ–º —Å–æ–¥–µ—Ä–∂–∏–º–æ–µ %dl –≤ –±—É—Ñ–µ—Ä –ø–æ –Ω—É–
 152      0000
 153              	
 154 022a 6683F800 	        cmpw $0, %ax            # –î–æ—à–ª–∏ –¥–æ –Ω—É–ª—è? (–í %ax –ø—É—Å—Ç–æ?)
 155 022e 741C     	        je some_changes  	# –î–∞, –∑–∞–∫–∞–Ω—á–∏–≤–∞–µ–º –ø—Ä–µ–æ–±—Ä–∞–∑–æ–≤–∞–Ω–∏–µ –∏ –≥–æ–æ–≤–∏
 156              	
 157 0230 4E       	        decl %esi               # –ù–µ—Ç, —É–º–µ–Ω—å—à–∞–µ–º %esi –Ω–∞ 1
 158 0231 EBE5     	        jmp ToStr_begin     	# –∏ –ø–µ—Ä–µ—Ö–æ–¥–∏–º –≤ –Ω–∞—á–∞–ª–æ —Ü–∏–∫–ªa
 159              	
 160              	ToStr_begin_minus:
 161 0233 C7050D00 		movl $1, flag_minus
 161      00000100 
 161      0000
 162              			
 163 023d 66F71D01 		negw summ
 163      000000
 164              	
 165 0244 66A10100 		movw summ, %ax 		# –ö–æ–ø–∏—Ä—É–µ–º –Ω–æ–º–µ—Ä –≤ %ax
 165      0000
 166              		
 167 024a EBCC     		jmp ToStr_begin
 168              		
 169              		
 170              	some_changes:
 171 024c FF050500 		incl count_num  # –ü—Ä–∏–±–∞–≤–ª—è–µ–º 1 –¥–ª—è —Å—Ä–∞–≤–Ω–µ–Ω–∏—è
 171      0000
 172 0252 890D0900 		movl %ecx, str_len # –°—á–µ—Ç—á–∏–∫ –¥–ª—è –¥–ª–∏–Ω—ã —Å—Ç—Ä–æ–∫–∏ –≤—ã–≤–æ–¥–∞
 172      0000
 173              	
 174              	Pre_out:
 175 0258 833D0D00 		cmpl $1, flag_minus
 175      000001
 176 025f 741F     		je ToStr_out_minus	
 177              		
 178              	ToStr_out:
 179 0261 3B350500 	        cmpl count_num, %esi  # –í %esi –º–∞–∫—Å. –∫–æ–ª-–≤–æ —Ü–∏—Ñ—Ä —Å.—Å.? (5 –≤ 10 —Å—Å)
 179      0000
 180 0267 7434     	        je stop_to_string     # –î–∞, –≤—ã—Ö–æ–¥–∏–º
 181              	
 182 0269 8A860400 	        movb out10(%esi), %al 	# –ö–æ–ø–∏—Ä—É–µ–º –±–∞–π—Ç –ø–æ –∞–¥—Ä–µ—Å—É  out(%esi) –≤ %al
 182      0000
 183 026f C6860400 	        movb $0, out10(%esi)  	# –ó–∞–ø–∏—Å—ã–≤–∞–µ–º 0 –ø–æ –∞–¥—Ä–µ—Å—É out(%esi)
 183      000000
GAS LISTING task4.S 			page 9


 184 0276 88870400 	        movb %al, out10(%edi) 	# –ó–∞–ø–∏—Å—ã–≤–∞–µ–º –∑–Ω–∞—á–µ–Ω–∏–µ %al –ø–æ –∞–¥—Ä–µ—Å—É out(%e
 184      0000
 185 027c 46       	        inc %esi                # –£–≤–µ–ª–∏—á–∏–≤–∞–µ–º %esi –Ω–∞ 1
 186 027d 47       	        inc %edi                # –£–≤–µ–ª–∏—á–∏–≤–∞–µ–º %edi –Ω–∞ 1
 187 027e EBE1     	        jmp ToStr_out    	# –ü–µ—Ä–µ—Ö–æ–¥–∏–º –≤ –Ω–∞—á–∞–ª–æ —Ü–∏–∫–ª–∞
 188              	
 189              	ToStr_out_minus:
 190 0280 C6870400 		movb $45, out10(%edi) 	# –ó–∞–ø–∏—Å—ã–≤–∞–µ–º –º–∏–Ω—É—Å –ø–æ –∞–¥—Ä–µ—Å—É out(%edi)
 190      00002D
 191 0287 47       		incl %edi
 192 0288 83050900 		addl $1, str_len
 192      000001
 193 028f EBD0     		jmp ToStr_out                    
 194              	
 195              	neg_summ:
 196 0291 66F71D01 		negw summ
 196      000000
 197 0298 E963FDFF 		jmp input
 197      FF
 198              		
 199              	stop_to_string:   # –í—ã–≤–æ–¥ —Å—É–º–º—ã
 200 029d B8040000 		movl $4, %eax		# –Ω–æ–º–µ—Ä —Å–∏—Å—Ç. –≤—ã–∑–æ–≤–∞ write
 200      00
 201 02a2 BB010000 		movl $1, %ebx		# –ø–∞—Ä–∞–º–µ—Ç—Ä 1: –¥–µ—Å–∫—Ä–∏–ø—Ç–æ—Ä —Å—Ç–∞–Ω–¥–∞—Ä—Ç–Ω–æ–≥–æ –≤—ã–≤–æ–¥–∞	
 201      00
 202 02a7 B9040000 		movl $out10, %ecx	# –ø–∞—Ä–∞–º–µ—Ç—Ä 2: –∞–¥—Ä–µ—Å –ø–∞–º—è—Ç–∏ —Å –≤—ã–≤–æ–¥–∏–º—ã–º–∏ —Å–∏–º–≤–æ
 202      00
 203 02ac 8B150900 		movl str_len, %edx        # –ø–∞—Ä–∞–º–µ—Ç—Ä 3: –∫–æ–ª–∏—á–µ—Å—Ç–≤–æ –±–∞–π—Ç–æ–≤ –¥–ª—è –≤—ã–≤–æ–
 203      0000
 204 02b2 CD80     		int $0x80		# –≤—ã–ø–æ–ª–Ω–∏—Ç—å —Å–∏—Å—Ç–µ–º–Ω—ã–π –≤—ã–∑–æ–≤
 205              		Puts ""
 205              	> .data
 205 014c 0A       	>  str10:.ascii "\n"
 205              	> 
 205              	>  strlen10 =. - str10
 205              	> 
 205              	> .text
 205 02b4 B8040000 	>  movl $4,%eax
 205      00
 205 02b9 BB010000 	>  movl $1,%ebx
 205      00
 205 02be B94C0100 	>  movl $str10,%ecx
 205      00
 205 02c3 BA010000 	>  movl $strlen10,%edx
 205      00
 205 02c8 CD80     	>  int $0x80
 206 02ca 66C70504 		movw $'',out10          # –æ–±–Ω—É–ª—è–µ–º –±—É—Ñ–µ—Ä –≤—ã–≤–æ–¥–∞
 206      00000027 
 206      00
 207              	
 208 02d3 66833D03 		cmpw $10, num_system    # –ï—Å–ª–∏ 10 —Å—Å –±—ã–ª–∞, —Ç–æ –∏–¥–µ–º –∫ 8 —Å—Å
 208      0000000A 
 209 02db 0F84B6FE 		je print_summ_numbers_8
 209      FFFF
 210              	
 211 02e1 66833D03 		cmpw $8, num_system     # –ï—Å–ª–∏ 8 —Å—Å –±—ã–ª–∞, —Ç–æ –∏–¥–µ–º –∫ 2 —Å—Å
 211      00000008 
GAS LISTING task4.S 			page 10


 212 02e9 0F84D2FE 		je print_summ_numbers_2
 212      FFFF
 213              	
 214 02ef 833D0D00 		cmpl $1, flag_minus
 214      000001
 215 02f6 7499     		je neg_summ
 216              		
 217 02f8 E903FDFF 		jmp input # –ö –≤–≤–æ–¥—É —Å–ª–µ–¥—É—é—â–µ–≥–æ —á–∏—Å–ª–∞
 217      FF
 218              	
 219              	.end
GAS LISTING task4.S 			page 11


DEFINED SYMBOLS
             task4.S:12     .data:0000000000000000 delta
             task4.S:13     .data:0000000000000001 summ
             task4.S:14     .data:0000000000000003 num_system
             task4.S:15     .data:0000000000000005 count_num
             task4.S:16     .data:0000000000000009 str_len
             task4.S:17     .data:000000000000000d flag_minus
                             .bss:0000000000000000 c
             task4.S:21     .bss:0000000000000004 out10
             task4.S:21     .bss:000000000000000a n
             task4.S:27     .text:0000000000000000 _start
             task4.S:29     .text:0000000000000000 input
             task4.S:30     .data:0000000000000011 str0
             task4.S:30     *ABS*:000000000000001a strlen0
             task4.S:32     .text:0000000000000016 show_prompt
             task4.S:134    .text:00000000000001eb stop
             task4.S:55     .text:0000000000000077 plus_numb
             task4.S:66     .text:0000000000000097 minus_numb
             task4.S:108    .text:000000000000013a print_err
             task4.S:112    .text:0000000000000155 err_buf_over
             task4.S:116    .text:000000000000016d print_summ_numbers_10
             task4.S:100    .text:0000000000000121 minus
             task4.S:109    .data:000000000000002b str4
             task4.S:109    *ABS*:0000000000000042 strlen4
             task4.S:113    .data:000000000000006d str5
             task4.S:113    *ABS*:0000000000000039 strlen5
             task4.S:117    .data:00000000000000a6 str6
             task4.S:117    *ABS*:0000000000000038 strlen6
             task4.S:137    .text:00000000000001f7 ToString
             task4.S:122    .text:0000000000000197 print_summ_numbers_8
             task4.S:123    .data:00000000000000de str7
             task4.S:123    *ABS*:0000000000000037 strlen7
             task4.S:128    .text:00000000000001c1 print_summ_numbers_2
             task4.S:129    .data:0000000000000115 str8
             task4.S:129    *ABS*:0000000000000037 strlen8
             task4.S:160    .text:0000000000000233 ToStr_begin_minus
             task4.S:147    .text:0000000000000218 ToStr_begin
             task4.S:170    .text:000000000000024c some_changes
             task4.S:174    .text:0000000000000258 Pre_out
             task4.S:189    .text:0000000000000280 ToStr_out_minus
             task4.S:178    .text:0000000000000261 ToStr_out
             task4.S:199    .text:000000000000029d stop_to_string
             task4.S:195    .text:0000000000000291 neg_summ
             task4.S:205    .data:000000000000014c str10
             task4.S:205    *ABS*:0000000000000001 strlen10

NO UNDEFINED SYMBOLS
